-------------------------------------------------------------------------------
Test set: com.example.LogicalLineCounterTest
-------------------------------------------------------------------------------
Tests run: 11, Failures: 5, Errors: 0, Skipped: 0, Time elapsed: 0.279 s <<< FAILURE! - in com.example.LogicalLineCounterTest
com.example.LogicalLineCounterTest.testForLogicalLine()  Time elapsed: 0.014 s  <<< FAILURE!
org.opentest4j.AssertionFailedError: Expected 1 logical line for the for control structure. ==> expected: <1> but was: <0>
	at org.junit.jupiter.api.AssertionUtils.fail(AssertionUtils.java:55)
	at org.junit.jupiter.api.AssertionUtils.failNotEqual(AssertionUtils.java:62)
	at org.junit.jupiter.api.AssertEquals.assertEquals(AssertEquals.java:150)
	at org.junit.jupiter.api.Assertions.assertEquals(Assertions.java:559)
	at com.example.LogicalLineCounterTest.testForLogicalLine(LogicalLineCounterTest.java:116)

com.example.LogicalLineCounterTest.testIfLogicalLine()  Time elapsed: 0.022 s  <<< FAILURE!
org.opentest4j.AssertionFailedError: Expected 1 logical line for the if control structure. ==> expected: <1> but was: <0>
	at org.junit.jupiter.api.AssertionUtils.fail(AssertionUtils.java:55)
	at org.junit.jupiter.api.AssertionUtils.failNotEqual(AssertionUtils.java:62)
	at org.junit.jupiter.api.AssertEquals.assertEquals(AssertEquals.java:150)
	at org.junit.jupiter.api.Assertions.assertEquals(Assertions.java:559)
	at com.example.LogicalLineCounterTest.testIfLogicalLine(LogicalLineCounterTest.java:104)

com.example.LogicalLineCounterTest.testWhileLogicalLine()  Time elapsed: 0.006 s  <<< FAILURE!
org.opentest4j.AssertionFailedError: Expected 1 logical line for the while control structure. ==> expected: <1> but was: <0>
	at org.junit.jupiter.api.AssertionUtils.fail(AssertionUtils.java:55)
	at org.junit.jupiter.api.AssertionUtils.failNotEqual(AssertionUtils.java:62)
	at org.junit.jupiter.api.AssertEquals.assertEquals(AssertEquals.java:150)
	at org.junit.jupiter.api.Assertions.assertEquals(Assertions.java:559)
	at com.example.LogicalLineCounterTest.testWhileLogicalLine(LogicalLineCounterTest.java:128)

com.example.LogicalLineCounterTest.testMixedLogicalLines()  Time elapsed: 0.008 s  <<< FAILURE!
org.opentest4j.AssertionFailedError: Expected 4 logical lines in the mixed example. ==> expected: <4> but was: <1>
	at org.junit.jupiter.api.AssertionUtils.fail(AssertionUtils.java:55)
	at org.junit.jupiter.api.AssertionUtils.failNotEqual(AssertionUtils.java:62)
	at org.junit.jupiter.api.AssertEquals.assertEquals(AssertEquals.java:150)
	at org.junit.jupiter.api.Assertions.assertEquals(Assertions.java:559)
	at com.example.LogicalLineCounterTest.testMixedLogicalLines(LogicalLineCounterTest.java:181)

com.example.LogicalLineCounterTest.testMethodDeclarationLogicalLine()  Time elapsed: 0.004 s  <<< FAILURE!
org.opentest4j.AssertionFailedError: Expected 1 logical line for the method declaration. ==> expected: <1> but was: <0>
	at org.junit.jupiter.api.AssertionUtils.fail(AssertionUtils.java:55)
	at org.junit.jupiter.api.AssertionUtils.failNotEqual(AssertionUtils.java:62)
	at org.junit.jupiter.api.AssertEquals.assertEquals(AssertEquals.java:150)
	at org.junit.jupiter.api.Assertions.assertEquals(Assertions.java:559)
	at com.example.LogicalLineCounterTest.testMethodDeclarationLogicalLine(LogicalLineCounterTest.java:92)

