<?xml version="1.0" encoding="UTF-8"?>
<testsuite xmlns:xsi="http://www.w3.org/2001/XMLSchema-instance" xsi:noNamespaceSchemaLocation="https://maven.apache.org/surefire/maven-surefire-plugin/xsd/surefire-test-report.xsd" name="com.example.PhysicalLineCounterTest" time="0.06" tests="3" errors="0" skipped="0" failures="0">
  <properties>
[...]
</properties>
  <testcase name="com.example.PhysicalLineCounterTest.testCountWithOnlyCode" classname="com.example.PhysicalLineCounterTest" time="0.002"/>
  <testcase name="com.example.PhysicalLineCounterTest.testCountWithMixedInput" classname="com.example.PhysicalLineCounterTest" time="0"/>
  <testcase name="com.example.PhysicalLineCounterTest.testCountWithOnlyComments" classname="com.example.PhysicalLineCounterTest" time="0"/>
</testsuite>