<?xml version="1.0" encoding="UTF-8"?>
<testsuite xmlns:xsi="http://www.w3.org/2001/XMLSchema-instance" xsi:noNamespaceSchemaLocation="https://maven.apache.org/surefire/maven-surefire-plugin/xsd/surefire-test-report.xsd" name="com.example.ResultPrinterTest" time="0.008" tests="3" errors="0" skipped="0" failures="0">
  <properties>
[...]
</properties>
  <testcase name="com.example.ResultPrinterTest.testPrintResults_LongProgramNameAndLargeNumbers" classname="com.example.ResultPrinterTest" time="0.008"/>
  <testcase name="com.example.ResultPrinterTest.testPrintResults_ShortProgramNameAndSmallNumbers" classname="com.example.ResultPrinterTest" time="0"/>
  <testcase name="com.example.ResultPrinterTest.testPrintResults_NormalCase" classname="com.example.ResultPrinterTest" time="0"/>
</testsuite>