<?xml version="1.0" encoding="UTF-8"?>
<testsuite xmlns:xsi="http://www.w3.org/2001/XMLSchema-instance" xsi:noNamespaceSchemaLocation="https://maven.apache.org/surefire/maven-surefire-plugin/xsd/surefire-test-report.xsd" name="com.example.FileFormatValidatorTest" time="0.018" tests="12" errors="0" skipped="0" failures="0">
  <properties>
[...]
</properties>
  <testcase name="com.example.FileFormatValidatorTest.testIsValidFileType_Correct" classname="com.example.FileFormatValidatorTest" time="0.002"/>
  <testcase name="com.example.FileFormatValidatorTest.testIsValidFileType_Incorrect" classname="com.example.FileFormatValidatorTest" time="0"/>
  <testcase name="com.example.FileFormatValidatorTest.testIsValidLineLength_Correct" classname="com.example.FileFormatValidatorTest" time="0.001"/>
  <testcase name="com.example.FileFormatValidatorTest.testIsValidLineLength_Incorrect" classname="com.example.FileFormatValidatorTest" time="0.008"/>
  <testcase name="com.example.FileFormatValidatorTest.testIsValidMultipleStatements_Correct" classname="com.example.FileFormatValidatorTest" time="0.001"/>
  <testcase name="com.example.FileFormatValidatorTest.testIsValidMultipleStatements_Incorrect" classname="com.example.FileFormatValidatorTest" time="0.001"/>
  <testcase name="com.example.FileFormatValidatorTest.testIsValidBracesStyle_Correct" classname="com.example.FileFormatValidatorTest" time="0.001"/>
  <testcase name="com.example.FileFormatValidatorTest.testIsValidBracesStyle_Incorrect" classname="com.example.FileFormatValidatorTest" time="0"/>
  <testcase name="com.example.FileFormatValidatorTest.testIsValidImportStatement_Correct" classname="com.example.FileFormatValidatorTest" time="0.001"/>
  <testcase name="com.example.FileFormatValidatorTest.testIsValidImportStatement_Incorrect" classname="com.example.FileFormatValidatorTest" time="0"/>
  <testcase name="com.example.FileFormatValidatorTest.testIsValidAnnotationFormat_Correct" classname="com.example.FileFormatValidatorTest" time="0"/>
  <testcase name="com.example.FileFormatValidatorTest.testIsValidAnnotationFormat_Incorrect" classname="com.example.FileFormatValidatorTest" time="0.001"/>
</testsuite>